
/home/runner/work/exp-volume-loss-method-iitk/exp-volume-loss-method-iitk/experiment/simulation/css/js/main.js
    2:10  warning  'openNav' is defined but never used                 no-unused-vars
    7:10  warning  'closeNav' is defined but never used                no-unused-vars
   22:15  warning  'targetRect' is assigned a value but never used     no-unused-vars
   55:11  warning  'targetObject3' is assigned a value but never used  no-unused-vars
   59:15  warning  'targetRect' is assigned a value but never used     no-unused-vars
   81:11  warning  'targetObject5' is assigned a value but never used  no-unused-vars
   85:15  warning  'targetRect' is assigned a value but never used     no-unused-vars
   99:7   warning  'targetObject6' is assigned a value but never used  no-unused-vars
  103:11  warning  'targetRect' is assigned a value but never used     no-unused-vars

/home/runner/work/exp-volume-loss-method-iitk/exp-volume-loss-method-iitk/experiment/simulation/js/main.js
    2:10  warning  'openNav' is defined but never used                 no-unused-vars
    7:10  warning  'closeNav' is defined but never used                no-unused-vars
   22:15  warning  'targetRect' is assigned a value but never used     no-unused-vars
   55:11  warning  'targetObject3' is assigned a value but never used  no-unused-vars
   59:15  warning  'targetRect' is assigned a value but never used     no-unused-vars
   81:11  warning  'targetObject5' is assigned a value but never used  no-unused-vars
   85:15  warning  'targetRect' is assigned a value but never used     no-unused-vars
   99:7   warning  'targetObject6' is assigned a value but never used  no-unused-vars
  103:11  warning  'targetRect' is assigned a value but never used     no-unused-vars

✖ 18 problems (0 errors, 18 warnings)

